2023.05.02 18:54:54 INFO  Started: Metals version 0.11.12 in workspace '/home/silvio/java_root/projects/animatefx' for client Visual Studio Code 1.77.3.
May 02, 2023 6:54:55 PM org.flywaydb.core.internal.license.VersionPrinter printVersionOnly
INFO: Flyway Community Edition 9.16.3 by Redgate
May 02, 2023 6:54:55 PM org.flywaydb.core.internal.license.VersionPrinter printVersion
INFO: See release notes here: https://rd.gt/416ObMi
May 02, 2023 6:54:55 PM org.flywaydb.core.internal.license.VersionPrinter printVersion
INFO: 
May 02, 2023 6:54:55 PM org.flywaydb.core.internal.database.base.BaseDatabaseType createDatabase
INFO: Database: jdbc:h2:file:/home/silvio/java_root/projects/animatefx/.metals/metals (H2 2.1)
May 02, 2023 6:54:55 PM org.flywaydb.core.internal.schemahistory.JdbcTableSchemaHistory allAppliedMigrations
INFO: Schema history table "PUBLIC"."flyway_schema_history" does not exist yet
May 02, 2023 6:54:55 PM org.flywaydb.core.internal.command.DbValidate validate
INFO: Successfully validated 4 migrations (execution time 00:00.012s)
May 02, 2023 6:54:55 PM org.flywaydb.core.internal.schemahistory.JdbcTableSchemaHistory create
INFO: Creating Schema History table "PUBLIC"."flyway_schema_history" ...
May 02, 2023 6:54:55 PM org.flywaydb.core.internal.command.DbMigrate migrateGroup
INFO: Current version of schema "PUBLIC": << Empty Schema >>
May 02, 2023 6:54:55 PM org.flywaydb.core.internal.command.DbMigrate doMigrateGroup
INFO: Migrating schema "PUBLIC" to version "1 - Create tables"
May 02, 2023 6:54:55 PM org.flywaydb.core.internal.command.DbMigrate doMigrateGroup
INFO: Migrating schema "PUBLIC" to version "2 - Server discovery"
May 02, 2023 6:54:55 PM org.flywaydb.core.internal.command.DbMigrate doMigrateGroup
INFO: Migrating schema "PUBLIC" to version "3 - Jar symbols"
May 02, 2023 6:54:55 PM org.flywaydb.core.internal.command.DbMigrate doMigrateGroup
INFO: Migrating schema "PUBLIC" to version "4 - Fingerprints"
May 02, 2023 6:54:55 PM org.flywaydb.core.internal.command.DbMigrate logSummary
INFO: Successfully applied 4 migrations to schema "PUBLIC", now at version v4 (execution time 00:00.093s)
2023.05.02 18:54:56 INFO  time: initialize in 0.81s
2023.05.02 18:54:57 WARN  Build server is not auto-connectable.
2023.05.02 18:54:57 WARN  no build tool detected in workspace '/home/silvio/java_root/projects/animatefx'. The most common cause for this problem is that the editor was opened in the wrong working directory, for example if you use sbt then the workspace directory should contain build.sbt. 
2023.05.02 18:54:57 WARN  no build target for: /home/silvio/java_root/projects/animatefx/src/App.java
May 02, 2023 6:54:57 PM org.eclipse.lsp4j.jsonrpc.RemoteEndpoint handleCancellation
WARNING: Unmatched cancel notification for request id 1
May 02, 2023 6:55:16 PM org.eclipse.lsp4j.jsonrpc.services.GenericEndpoint notify
INFO: Unsupported notification method: $/setTrace
May 02, 2023 6:55:27 PM org.eclipse.lsp4j.jsonrpc.services.GenericEndpoint notify
INFO: Unsupported notification method: $/setTrace
May 02, 2023 6:55:55 PM org.eclipse.lsp4j.jsonrpc.services.GenericEndpoint notify
INFO: Unsupported notification method: $/setTrace
2023.05.02 18:55:55 INFO  Shutting down server
2023.05.02 18:55:55 INFO  shutting down Metals
2023.05.02 18:55:55 INFO  Exiting server
2023.05.02 18:55:59 INFO  Started: Metals version 0.11.12 in workspace '/home/silvio/java_root/projects/animatefx' for client Visual Studio Code 1.77.3.
May 02, 2023 6:55:59 PM org.flywaydb.core.internal.license.VersionPrinter printVersionOnly
INFO: Flyway Community Edition 9.16.3 by Redgate
May 02, 2023 6:56:00 PM org.flywaydb.core.internal.license.VersionPrinter printVersion
INFO: See release notes here: https://rd.gt/416ObMi
May 02, 2023 6:56:00 PM org.flywaydb.core.internal.license.VersionPrinter printVersion
INFO: 
May 02, 2023 6:56:00 PM org.flywaydb.core.internal.database.base.BaseDatabaseType createDatabase
INFO: Database: jdbc:h2:file:/home/silvio/java_root/projects/animatefx/.metals/metals (H2 2.1)
May 02, 2023 6:56:00 PM org.flywaydb.core.internal.command.DbValidate validate
INFO: Successfully validated 4 migrations (execution time 00:00.026s)
May 02, 2023 6:56:00 PM org.flywaydb.core.internal.command.DbMigrate migrateGroup
INFO: Current version of schema "PUBLIC": 4
May 02, 2023 6:56:00 PM org.flywaydb.core.internal.command.DbMigrate logSummary
INFO: Schema "PUBLIC" is up to date. No migration necessary.
2023.05.02 18:56:00 INFO  time: initialize in 0.81s
2023.05.02 18:56:02 WARN  Build server is not auto-connectable.
2023.05.02 18:56:02 WARN  no build tool detected in workspace '/home/silvio/java_root/projects/animatefx'. The most common cause for this problem is that the editor was opened in the wrong working directory, for example if you use sbt then the workspace directory should contain build.sbt. 
2023.05.02 18:56:02 WARN  no build target for: /home/silvio/java_root/projects/animatefx/src/App.java
2023.05.02 18:56:18 INFO  Shutting down server
2023.05.02 18:56:18 INFO  shutting down Metals
2023.05.02 18:56:18 INFO  Exiting server
2023.05.02 18:56:22 INFO  Started: Metals version 0.11.12 in workspace '/home/silvio/java_root/projects/animatefx' for client Visual Studio Code 1.77.3.
May 02, 2023 6:56:23 PM org.flywaydb.core.internal.license.VersionPrinter printVersionOnly
INFO: Flyway Community Edition 9.16.3 by Redgate
May 02, 2023 6:56:23 PM org.flywaydb.core.internal.license.VersionPrinter printVersion
INFO: See release notes here: https://rd.gt/416ObMi
May 02, 2023 6:56:23 PM org.flywaydb.core.internal.license.VersionPrinter printVersion
INFO: 
May 02, 2023 6:56:23 PM org.flywaydb.core.internal.database.base.BaseDatabaseType createDatabase
INFO: Database: jdbc:h2:file:/home/silvio/java_root/projects/animatefx/.metals/metals (H2 2.1)
May 02, 2023 6:56:23 PM org.flywaydb.core.internal.command.DbValidate validate
INFO: Successfully validated 4 migrations (execution time 00:00.024s)
May 02, 2023 6:56:23 PM org.flywaydb.core.internal.command.DbMigrate migrateGroup
INFO: Current version of schema "PUBLIC": 4
May 02, 2023 6:56:23 PM org.flywaydb.core.internal.command.DbMigrate logSummary
INFO: Schema "PUBLIC" is up to date. No migration necessary.
2023.05.02 18:56:23 INFO  time: initialize in 0.7s
2023.05.02 18:56:25 WARN  Build server is not auto-connectable.
2023.05.02 18:56:25 WARN  no build tool detected in workspace '/home/silvio/java_root/projects/animatefx'. The most common cause for this problem is that the editor was opened in the wrong working directory, for example if you use sbt then the workspace directory should contain build.sbt. 
2023.05.02 18:56:25 WARN  no build target for: /home/silvio/java_root/projects/animatefx/src/App.java
2023.05.02 18:56:55 INFO  Shutting down server
2023.05.02 18:56:55 INFO  shutting down Metals
2023.05.02 18:56:55 INFO  Exiting server
2023.05.02 18:57:53 INFO  Started: Metals version 0.11.12 in workspace '/home/silvio/java_root/projects/animatefx' for client Visual Studio Code 1.77.3.
May 02, 2023 6:57:53 PM org.flywaydb.core.internal.license.VersionPrinter printVersionOnly
INFO: Flyway Community Edition 9.16.3 by Redgate
May 02, 2023 6:57:53 PM org.flywaydb.core.internal.license.VersionPrinter printVersion
INFO: See release notes here: https://rd.gt/416ObMi
May 02, 2023 6:57:53 PM org.flywaydb.core.internal.license.VersionPrinter printVersion
INFO: 
May 02, 2023 6:57:53 PM org.flywaydb.core.internal.database.base.BaseDatabaseType createDatabase
INFO: Database: jdbc:h2:file:/home/silvio/java_root/projects/animatefx/.metals/metals (H2 2.1)
May 02, 2023 6:57:53 PM org.flywaydb.core.internal.command.DbValidate validate
INFO: Successfully validated 4 migrations (execution time 00:00.011s)
May 02, 2023 6:57:53 PM org.flywaydb.core.internal.command.DbMigrate migrateGroup
INFO: Current version of schema "PUBLIC": 4
May 02, 2023 6:57:53 PM org.flywaydb.core.internal.command.DbMigrate logSummary
INFO: Schema "PUBLIC" is up to date. No migration necessary.
2023.05.02 18:57:54 INFO  time: initialize in 0.32s
2023.05.02 18:57:55 WARN  Build server is not auto-connectable.
2023.05.02 18:57:55 WARN  no build tool detected in workspace '/home/silvio/java_root/projects/animatefx'. The most common cause for this problem is that the editor was opened in the wrong working directory, for example if you use sbt then the workspace directory should contain build.sbt. 
2023.05.02 18:57:55 WARN  no build target for: /home/silvio/java_root/projects/animatefx/src/App.java
2023.05.02 18:58:38 WARN  no build target for: /home/silvio/java_root/projects/animatefx/src/animatefx/AnimateFX.java
2023.05.02 18:58:52 WARN  no build target for: /home/silvio/java_root/projects/animatefx/src/animatefx/AnimateFX.java
2023.05.02 18:59:40 WARN  Using indexes to guess the definition of AnimateFX
2023.05.02 18:59:40 WARN  no build target for: /home/silvio/java_root/projects/animatefx/src/animatefx/AnimateFX.java
2023.05.02 18:59:41 WARN  Using indexes to guess the definition of AnimateFX
2023.05.02 19:00:01 WARN  no build target for: /home/silvio/java_root/projects/animatefx/src/animatefx/AnimateFX.java
2023.05.02 19:00:18 WARN  no build target for: /home/silvio/java_root/projects/animatefx/src/animatefx/AnimateFX.java
2023.05.02 19:01:19 WARN  no build target for: /home/silvio/java_root/projects/animatefx/src/animatefx/AnimateFX.java
2023.05.02 19:01:29 WARN  no build target for: /home/silvio/java_root/projects/animatefx/src/animatefx/AnimateFX.java
2023.05.02 19:01:39 WARN  no build target for: /home/silvio/java_root/projects/animatefx/src/animatefx/AnimateFX.java
2023.05.02 19:02:15 WARN  no build target for: /home/silvio/java_root/projects/animatefx/src/animatefx/AnimateFX.java
2023.05.02 19:05:32 INFO  Shutting down server
2023.05.02 19:05:32 INFO  shutting down Metals
2023.05.02 19:05:32 INFO  Exiting server
2023.05.02 19:12:56 INFO  Started: Metals version 0.11.12 in workspace '/home/silvio/java_root/projects/animatefx' for client Visual Studio Code 1.77.3.
May 02, 2023 7:12:56 PM org.flywaydb.core.internal.license.VersionPrinter printVersionOnly
INFO: Flyway Community Edition 9.16.3 by Redgate
May 02, 2023 7:12:56 PM org.flywaydb.core.internal.license.VersionPrinter printVersion
INFO: See release notes here: https://rd.gt/416ObMi
May 02, 2023 7:12:56 PM org.flywaydb.core.internal.license.VersionPrinter printVersion
INFO: 
May 02, 2023 7:12:56 PM org.flywaydb.core.internal.database.base.BaseDatabaseType createDatabase
INFO: Database: jdbc:h2:file:/home/silvio/java_root/projects/animatefx/.metals/metals (H2 2.1)
May 02, 2023 7:12:56 PM org.flywaydb.core.internal.command.DbValidate validate
INFO: Successfully validated 4 migrations (execution time 00:00.024s)
May 02, 2023 7:12:56 PM org.flywaydb.core.internal.command.DbMigrate migrateGroup
INFO: Current version of schema "PUBLIC": 4
May 02, 2023 7:12:56 PM org.flywaydb.core.internal.command.DbMigrate logSummary
INFO: Schema "PUBLIC" is up to date. No migration necessary.
2023.05.02 19:12:57 INFO  time: initialize in 0.54s
2023.05.02 19:12:58 WARN  Build server is not auto-connectable.
2023.05.02 19:12:58 WARN  no build tool detected in workspace '/home/silvio/java_root/projects/animatefx'. The most common cause for this problem is that the editor was opened in the wrong working directory, for example if you use sbt then the workspace directory should contain build.sbt. 
2023.05.02 19:12:58 WARN  no build target for: /home/silvio/java_root/projects/animatefx/src/animatefx/AnimateFX.java
May 02, 2023 7:12:58 PM org.eclipse.lsp4j.jsonrpc.RemoteEndpoint handleCancellation
WARNING: Unmatched cancel notification for request id 1
2023.05.02 19:21:31 INFO  Shutting down server
2023.05.02 19:21:31 INFO  shutting down Metals
2023.05.02 19:21:31 INFO  Exiting server
2023.05.02 19:24:29 INFO  Started: Metals version 0.11.12 in workspace '/home/silvio/java_root/projects/animatefx' for client Visual Studio Code 1.77.3.
May 02, 2023 7:24:30 PM org.flywaydb.core.internal.license.VersionPrinter printVersionOnly
INFO: Flyway Community Edition 9.16.3 by Redgate
May 02, 2023 7:24:30 PM org.flywaydb.core.internal.license.VersionPrinter printVersion
INFO: See release notes here: https://rd.gt/416ObMi
May 02, 2023 7:24:30 PM org.flywaydb.core.internal.license.VersionPrinter printVersion
INFO: 
May 02, 2023 7:24:30 PM org.flywaydb.core.internal.database.base.BaseDatabaseType createDatabase
INFO: Database: jdbc:h2:file:/home/silvio/java_root/projects/animatefx/.metals/metals (H2 2.1)
May 02, 2023 7:24:30 PM org.flywaydb.core.internal.command.DbValidate validate
INFO: Successfully validated 4 migrations (execution time 00:00.023s)
May 02, 2023 7:24:30 PM org.flywaydb.core.internal.command.DbMigrate migrateGroup
INFO: Current version of schema "PUBLIC": 4
May 02, 2023 7:24:30 PM org.flywaydb.core.internal.command.DbMigrate logSummary
INFO: Schema "PUBLIC" is up to date. No migration necessary.
2023.05.02 19:24:30 INFO  time: initialize in 0.55s
2023.05.02 19:24:32 WARN  Build server is not auto-connectable.
2023.05.02 19:24:32 WARN  no build tool detected in workspace '/home/silvio/java_root/projects/animatefx'. The most common cause for this problem is that the editor was opened in the wrong working directory, for example if you use sbt then the workspace directory should contain build.sbt. 
2023.05.02 19:24:32 WARN  no build target for: /home/silvio/java_root/projects/animatefx/src/animatefx/AnimateFX.java
2023.05.02 19:26:57 WARN  no build target for: /home/silvio/java_root/projects/animatefx/src/animatefx/AnimateFX.java
May 02, 2023 7:27:14 PM org.eclipse.lsp4j.jsonrpc.RemoteEndpoint handleCancellation
WARNING: Unmatched cancel notification for request id 86
2023.05.02 19:27:43 WARN  no build target for: /home/silvio/java_root/projects/animatefx/src/animatefx/AnimateFX.java
2023.05.02 19:27:52 WARN  no build target for: /home/silvio/java_root/projects/animatefx/src/animatefx/AnimateFX.java
2023.05.02 19:30:29 WARN  no build target for: /home/silvio/java_root/projects/animatefx/src/animatefx/AnimateFX.java
2023.05.02 19:32:19 WARN  no build target for: /home/silvio/java_root/projects/animatefx/src/animatefx/AnimateFX.java
May 02, 2023 7:34:37 PM org.eclipse.lsp4j.jsonrpc.RemoteEndpoint handleCancellation
WARNING: Unmatched cancel notification for request id 362
2023.05.02 19:35:13 WARN  no build target for: /home/silvio/java_root/projects/animatefx/src/animatefx/AnimateFX.java
2023.05.02 19:35:25 WARN  no build target for: /home/silvio/java_root/projects/animatefx/src/animatefx/AnimateFX.java
May 02, 2023 7:37:02 PM org.eclipse.lsp4j.jsonrpc.RemoteEndpoint handleCancellation
WARNING: Unmatched cancel notification for request id 530
2023.05.02 19:37:48 INFO  Shutting down server
2023.05.02 19:37:48 INFO  shutting down Metals
2023.05.02 19:37:48 INFO  Exiting server
2023.05.02 20:10:38 INFO  Started: Metals version 0.11.12 in workspace '/home/silvio/java_root/projects/animatefx' for client Visual Studio Code 1.77.3.
May 02, 2023 8:10:38 PM org.flywaydb.core.internal.license.VersionPrinter printVersionOnly
INFO: Flyway Community Edition 9.16.3 by Redgate
May 02, 2023 8:10:38 PM org.flywaydb.core.internal.license.VersionPrinter printVersion
INFO: See release notes here: https://rd.gt/416ObMi
May 02, 2023 8:10:38 PM org.flywaydb.core.internal.license.VersionPrinter printVersion
INFO: 
May 02, 2023 8:10:39 PM org.flywaydb.core.internal.database.base.BaseDatabaseType createDatabase
INFO: Database: jdbc:h2:file:/home/silvio/java_root/projects/animatefx/.metals/metals (H2 2.1)
May 02, 2023 8:10:39 PM org.flywaydb.core.internal.command.DbValidate validate
INFO: Successfully validated 4 migrations (execution time 00:00.017s)
May 02, 2023 8:10:39 PM org.flywaydb.core.internal.command.DbMigrate migrateGroup
INFO: Current version of schema "PUBLIC": 4
May 02, 2023 8:10:39 PM org.flywaydb.core.internal.command.DbMigrate logSummary
INFO: Schema "PUBLIC" is up to date. No migration necessary.
2023.05.02 20:10:39 INFO  time: initialize in 0.56s
2023.05.02 20:10:40 WARN  Build server is not auto-connectable.
2023.05.02 20:10:40 WARN  no build tool detected in workspace '/home/silvio/java_root/projects/animatefx'. The most common cause for this problem is that the editor was opened in the wrong working directory, for example if you use sbt then the workspace directory should contain build.sbt. 
2023.05.02 20:10:40 WARN  no build target for: /home/silvio/java_root/projects/animatefx/src/animatefx/AnimateFX.java
2023.05.02 20:11:08 INFO  Shutting down server
2023.05.02 20:11:08 INFO  shutting down Metals
2023.05.02 20:11:08 INFO  Exiting server
2023.05.02 20:11:38 INFO  Started: Metals version 0.11.12 in workspace '/home/silvio/java_root/projects/animatefx' for client Visual Studio Code 1.77.3.
May 02, 2023 8:11:39 PM org.flywaydb.core.internal.license.VersionPrinter printVersionOnly
INFO: Flyway Community Edition 9.16.3 by Redgate
May 02, 2023 8:11:39 PM org.flywaydb.core.internal.license.VersionPrinter printVersion
INFO: See release notes here: https://rd.gt/416ObMi
May 02, 2023 8:11:39 PM org.flywaydb.core.internal.license.VersionPrinter printVersion
INFO: 
May 02, 2023 8:11:39 PM org.flywaydb.core.internal.database.base.BaseDatabaseType createDatabase
INFO: Database: jdbc:h2:file:/home/silvio/java_root/projects/animatefx/.metals/metals (H2 2.1)
May 02, 2023 8:11:39 PM org.flywaydb.core.internal.command.DbValidate validate
INFO: Successfully validated 4 migrations (execution time 00:00.015s)
May 02, 2023 8:11:39 PM org.flywaydb.core.internal.command.DbMigrate migrateGroup
INFO: Current version of schema "PUBLIC": 4
May 02, 2023 8:11:39 PM org.flywaydb.core.internal.command.DbMigrate logSummary
INFO: Schema "PUBLIC" is up to date. No migration necessary.
2023.05.02 20:11:39 INFO  time: initialize in 0.77s
May 02, 2023 8:11:41 PM org.eclipse.lsp4j.jsonrpc.RemoteEndpoint handleCancellation
WARNING: Unmatched cancel notification for request id 1
2023.05.02 20:11:41 WARN  Build server is not auto-connectable.
2023.05.02 20:11:41 WARN  no build tool detected in workspace '/home/silvio/java_root/projects/animatefx'. The most common cause for this problem is that the editor was opened in the wrong working directory, for example if you use sbt then the workspace directory should contain build.sbt. 
2023.05.02 20:11:41 WARN  no build target for: /home/silvio/java_root/projects/animatefx/src/animatefx/AnimateFX.java
May 02, 2023 8:11:41 PM org.eclipse.lsp4j.jsonrpc.RemoteEndpoint handleCancellation
WARNING: Unmatched cancel notification for request id 2
2023.05.02 20:11:47 INFO  Shutting down server
2023.05.02 20:11:47 INFO  shutting down Metals
2023.05.02 20:11:47 INFO  Exiting server
